<?xml version="1.0" encoding="UTF-8"?>
<!-- Generated by org.testng.reporters.JUnitReportReporter -->
<testsuite skipped="0" hostname="Ceroshs-MacBook-Pro.local" name="com.mercury.demo.tests.RegistrationTest" tests="1" failures="0" timestamp="17 Jun 2018 05:40:39 GMT" time="5.899" errors="0">
  <testcase name="registerAUser" time="5.899" classname="com.mercury.demo.tests.RegistrationTest"/>
</testsuite> <!-- com.mercury.demo.tests.RegistrationTest -->
