<?xml version="1.0" encoding="UTF-8"?>
<!-- Generated by org.testng.reporters.JUnitReportReporter -->
<testsuite skipped="0" hostname="Ceroshs-MacBook-Pro.local" name="com.mercury.demo.tests.RegistrationTest" tests="4" failures="0" timestamp="19 Jun 2018 11:32:34 GMT" time="275.618" errors="0">
  <testcase name="registerWithArrayObject" time="60.602" classname="com.mercury.demo.tests.RegistrationTest"/>
  <testcase name="registerWithArrayObject" time="95.038" classname="com.mercury.demo.tests.RegistrationTest"/>
  <testcase name="registerAUser" time="40.525" classname="com.mercury.demo.tests.RegistrationTest"/>
  <testcase name="registerAUserwithHashMap" time="79.453" classname="com.mercury.demo.tests.RegistrationTest"/>
</testsuite> <!-- com.mercury.demo.tests.RegistrationTest -->
