<?xml version="1.0" encoding="UTF-8"?>
<!-- Generated by org.testng.reporters.JUnitReportReporter -->
<testsuite skipped="0" hostname="Ceroshs-MacBook-Pro.local" name="com.mercury.demo.tests.RegistrationTest" tests="1" failures="0" timestamp="14 Jun 2018 10:25:26 GMT" time="4.521" errors="0">
  <testcase name="registerAUser" time="4.521" classname="com.mercury.demo.tests.RegistrationTest"/>
</testsuite> <!-- com.mercury.demo.tests.RegistrationTest -->
