<?xml version="1.0" encoding="UTF-8"?>
<!-- Generated by org.testng.reporters.JUnitReportReporter -->
<testsuite skipped="0" hostname="Ceroshs-MacBook-Pro.local" name="com.mercury.demo.tests.bookingTest.BookingTest" tests="1" failures="0" timestamp="17 Jun 2018 12:01:16 GMT" time="5.090" errors="1">
  <testcase name="makeABooking" time="5.090" classname="com.mercury.demo.tests.bookingTest.BookingTest">
    <error type="java.lang.StackOverflowError">
      <![CDATA[java.lang.StackOverflowError
	at com.mercury.demo.utils.Elements.Radio.selectByIndex(Radio.java:41)
	at com.mercury.demo.utils.Elements.Radio.selectByIndex(Radio.java:41)
	at com.mercury.demo.utils.Elements.Radio.selectByIndex(Radio.java:41)
	at com.mercury.demo.utils.Elements.Radio.selectByIndex(Radio.java:41)
	at com.mercury.demo.utils.Elements.Radio.selectByIndex(Radio.java:41)
	at com.mercury.demo.utils.Elements.Radio.selectByIndex(Radio.java:41)
	at com.mercury.demo.utils.Elements.Radio.selectByIndex(Radio.java:41)
	at com.mercury.demo.utils.Elements.Radio.selectByIndex(Radio.java:41)
	at com.mercury.demo.utils.Elements.Radio.selectByIndex(Radio.java:41)
	at com.mercury.demo.utils.Elements.Radio.selectByIndex(Radio.java:41)
	at com.mercury.demo.utils.Elements.Radio.selectByIndex(Radio.java:41)
	at com.mercury.demo.utils.Elements.Radio.selectByIndex(Radio.java:41)
	at com.mercury.demo.utils.Elements.Radio.selectByIndex(Radio.java:41)
	at com.mercury.demo.utils.Elements.Radio.selectByIndex(Radio.java:41)
	at com.mercury.demo.utils.Elements.Radio.selectByIndex(Radio.java:41)
	at com.mercury.demo.utils.Elements.Radio.selectByIndex(Radio.java:41)
	at com.mercury.demo.utils.Elements.Radio.selectByIndex(Radio.java:41)
	at com.mercury.demo.utils.Elements.Radio.selectByIndex(Radio.java:41)
	at com.mercury.demo.utils.Elements.Radio.selectByIndex(Radio.java:41)
	at com.mercury.demo.utils.Elements.Radio.selectByIndex(Radio.java:41)
	at com.mercury.demo.utils.Elements.Radio.selectByIndex(Radio.java:41)
	at com.mercury.demo.utils.Elements.Radio.selectByIndex(Radio.java:41)
	at com.mercury.demo.utils.Elements.Radio.selectByIndex(Radio.java:41)
	at com.mercury.demo.utils.Elements.Radio.selectByIndex(Radio.java:41)
	at com.mercury.demo.utils.Elements.Radio.selectByIndex(Radio.java:41)
	at com.mercury.demo.utils.Elements.Radio.selectByIndex(Radio.java:41)
	at com.mercury.demo.utils.Elements.Radio.selectByIndex(Radio.java:41)
	at com.mercury.demo.utils.Elements.Radio.selectByIndex(Radio.java:41)
	at com.mercury.demo.utils.Elements.Radio.selectByIndex(Radio.java:41)
	at com.mercury.demo.utils.Elements.Radio.selectByIndex(Radio.java:41)
	at com.mercury.demo.utils.Elements.Radio.selectByIndex(Radio.java:41)
	at com.mercury.demo.utils.Elements.Radio.selectByIndex(Radio.java:41)
	at com.mercury.demo.utils.Elements.Radio.selectByIndex(Radio.java:41)
	at com.mercury.demo.utils.Elements.Radio.selectByIndex(Radio.java:41)
	at com.mercury.demo.utils.Elements.Radio.selectByIndex(Radio.java:41)
	at com.mercury.demo.utils.Elements.Radio.selectByIndex(Radio.java:41)
	at com.mercury.demo.utils.Elements.Radio.selectByIndex(Radio.java:41)
	at com.mercury.demo.utils.Elements.Radio.selectByIndex(Radio.java:41)
	at com.mercury.demo.utils.Elements.Radio.selectByIndex(Radio.java:41)
	at com.mercury.demo.utils.Elements.Radio.selectByIndex(Radio.java:41)
	at com.mercury.demo.utils.Elements.Radio.selectByIndex(Radio.java:41)
	at com.mercury.demo.utils.Elements.Radio.selectByIndex(Radio.java:41)
	at com.mercury.demo.utils.Elements.Radio.selectByIndex(Radio.java:41)
	at com.mercury.demo.utils.Elements.Radio.selectByIndex(Radio.java:41)
	at com.mercury.demo.utils.Elements.Radio.selectByIndex(Radio.java:41)
	at com.mercury.demo.utils.Elements.Radio.selectByIndex(Radio.java:41)
	at com.mercury.demo.utils.Elements.Radio.selectByIndex(Radio.java:41)
	at com.mercury.demo.utils.Elements.Radio.selectByIndex(Radio.java:41)
	at com.mercury.demo.utils.Elements.Radio.selectByIndex(Radio.java:41)
	at com.mercury.demo.utils.Elements.Radio.selectByIndex(Radio.java:41)
	at com.mercury.demo.utils.Elements.Radio.selectByIndex(Radio.java:41)
	at com.mercury.demo.utils.Elements.Radio.selectByIndex(Radio.java:41)
	at com.mercury.demo.utils.Elements.Radio.selectByIndex(Radio.java:41)
	at com.mercury.demo.utils.Elements.Radio.selectByIndex(Radio.java:41)
	at com.mercury.demo.utils.Elements.Radio.selectByIndex(Radio.java:41)
	at com.mercury.demo.utils.Elements.Radio.selectByIndex(Radio.java:41)
	at com.mercury.demo.utils.Elements.Radio.selectByIndex(Radio.java:41)
	at com.mercury.demo.utils.Elements.Radio.selectByIndex(Radio.java:41)
	at com.mercury.demo.utils.Elements.Radio.selectByIndex(Radio.java:41)
	at com.mercury.demo.utils.Elements.Radio.selectByIndex(Radio.java:41)
	at com.mercury.demo.utils.Elements.Radio.selectByIndex(Radio.java:41)
	at com.mercury.demo.utils.Elements.Radio.selectByIndex(Radio.java:41)
	at com.mercury.demo.utils.Elements.Radio.selectByIndex(Radio.java:41)
	at com.mercury.demo.utils.Elements.Radio.selectByIndex(Radio.java:41)
	at com.mercury.demo.utils.Elements.Radio.selectByIndex(Radio.java:41)
	at com.mercury.demo.utils.Elements.Radio.selectByIndex(Radio.java:41)
	at com.mercury.demo.utils.Elements.Radio.selectByIndex(Radio.java:41)
	at com.mercury.demo.utils.Elements.Radio.selectByIndex(Radio.java:41)
	at com.mercury.demo.utils.Elements.Radio.selectByIndex(Radio.java:41)
	at com.mercury.demo.utils.Elements.Radio.selectByIndex(Radio.java:41)
	at com.mercury.demo.utils.Elements.Radio.selectByIndex(Radio.java:41)
	at com.mercury.demo.utils.Elements.Radio.selectByIndex(Radio.java:41)
	at com.mercury.demo.utils.Elements.Radio.selectByIndex(Radio.java:41)
	at com.mercury.demo.utils.Elements.Radio.selectByIndex(Radio.java:41)
	at com.mercury.demo.utils.Elements.Radio.selectByIndex(Radio.java:41)
	at com.mercury.demo.utils.Elements.Radio.selectByIndex(Radio.java:41)
	at com.mercury.demo.utils.Elements.Radio.selectByIndex(Radio.java:41)
	at com.mercury.demo.utils.Elements.Radio.selectByIndex(Radio.java:41)
	at com.mercury.demo.utils.Elements.Radio.selectByIndex(Radio.java:41)
	at com.mercury.demo.utils.Elements.Radio.selectByIndex(Radio.java:41)
	at com.mercury.demo.utils.Elements.Radio.selectByIndex(Radio.java:41)
	at com.mercury.demo.utils.Elements.Radio.selectByIndex(Radio.java:41)
	at com.mercury.demo.utils.Elements.Radio.selectByIndex(Radio.java:41)
	at com.mercury.demo.utils.Elements.Radio.selectByIndex(Radio.java:41)
	at com.mercury.demo.utils.Elements.Radio.selectByIndex(Radio.java:41)
	at com.mercury.demo.utils.Elements.Radio.selectByIndex(Radio.java:41)
	at com.mercury.demo.utils.Elements.Radio.selectByIndex(Radio.java:41)
	at com.mercury.demo.utils.Elements.Radio.selectByIndex(Radio.java:41)
	at com.mercury.demo.utils.Elements.Radio.selectByIndex(Radio.java:41)
	at com.mercury.demo.utils.Elements.Radio.selectByIndex(Radio.java:41)
	at com.mercury.demo.utils.Elements.Radio.selectByIndex(Radio.java:41)
	at com.mercury.demo.utils.Elements.Radio.selectByIndex(Radio.java:41)
	at com.mercury.demo.utils.Elements.Radio.selectByIndex(Radio.java:41)
	at com.mercury.demo.utils.Elements.Radio.selectByIndex(Radio.java:41)
	at com.mercury.demo.utils.Elements.Radio.selectByIndex(Radio.java:41)
	at com.mercury.demo.utils.Elements.Radio.selectByIndex(Radio.java:41)
	at com.mercury.demo.utils.Elements.Radio.selectByIndex(Radio.java:41)
	at com.mercury.demo.utils.Elements.Radio.selectByIndex(Radio.java:41)
	at com.mercury.demo.utils.Elements.Radio.selectByIndex(Radio.java:41)
	at com.mercury.demo.utils.Elements.Radio.selectByIndex(Radio.java:41)
	at com.mercury.demo.utils.Elements.Radio.selectByIndex(Radio.java:41)
	at com.mercury.demo.utils.Elements.Radio.selectByIndex(Radio.java:41)
	at com.mercury.demo.utils.Elements.Radio.selectByIndex(Radio.java:41)
	at com.mercury.demo.utils.Elements.Radio.selectByIndex(Radio.java:41)
	at com.mercury.demo.utils.Elements.Radio.selectByIndex(Radio.java:41)
	at com.mercury.demo.utils.Elements.Radio.selectByIndex(Radio.java:41)
	at com.mercury.demo.utils.Elements.Radio.selectByIndex(Radio.java:41)
	at com.mercury.demo.utils.Elements.Radio.selectByIndex(Radio.java:41)
	at com.mercury.demo.utils.Elements.Radio.selectByIndex(Radio.java:41)
	at com.mercury.demo.utils.Elements.Radio.selectByIndex(Radio.java:41)
	at com.mercury.demo.utils.Elements.Radio.selectByIndex(Radio.java:41)
	at com.mercury.demo.utils.Elements.Radio.selectByIndex(Radio.java:41)
	at com.mercury.demo.utils.Elements.Radio.selectByIndex(Radio.java:41)
	at com.mercury.demo.utils.Elements.Radio.selectByIndex(Radio.java:41)
	at com.mercury.demo.utils.Elements.Radio.selectByIndex(Radio.java:41)
	at com.mercury.demo.utils.Elements.Radio.selectByIndex(Radio.java:41)
	at com.mercury.demo.utils.Elements.Radio.selectByIndex(Radio.java:41)
	at com.mercury.demo.utils.Elements.Radio.selectByIndex(Radio.java:41)
	at com.mercury.demo.utils.Elements.Radio.selectByIndex(Radio.java:41)
	at com.mercury.demo.utils.Elements.Radio.selectByIndex(Radio.java:41)
	at com.mercury.demo.utils.Elements.Radio.selectByIndex(Radio.java:41)
	at com.mercury.demo.utils.Elements.Radio.selectByIndex(Radio.java:41)
	at com.mercury.demo.utils.Elements.Radio.selectByIndex(Radio.java:41)
	at com.mercury.demo.utils.Elements.Radio.selectByIndex(Radio.java:41)
	at com.mercury.demo.utils.Elements.Radio.selectByIndex(Radio.java:41)
	at com.mercury.demo.utils.Elements.Radio.selectByIndex(Radio.java:41)
	at com.mercury.demo.utils.Elements.Radio.selectByIndex(Radio.java:41)
	at com.mercury.demo.utils.Elements.Radio.selectByIndex(Radio.java:41)
	at com.mercury.demo.utils.Elements.Radio.selectByIndex(Radio.java:41)
	at com.mercury.demo.utils.Elements.Radio.selectByIndex(Radio.java:41)
	at com.mercury.demo.utils.Elements.Radio.selectByIndex(Radio.java:41)
	at com.mercury.demo.utils.Elements.Radio.selectByIndex(Radio.java:41)
	at com.mercury.demo.utils.Elements.Radio.selectByIndex(Radio.java:41)
	at com.mercury.demo.utils.Elements.Radio.selectByIndex(Radio.java:41)
	at com.mercury.demo.utils.Elements.Radio.selectByIndex(Radio.java:41)
	at com.mercury.demo.utils.Elements.Radio.selectByIndex(Radio.java:41)
	at com.mercury.demo.utils.Elements.Radio.selectByIndex(Radio.java:41)
	at com.mercury.demo.utils.Elements.Radio.selectByIndex(Radio.java:41)
	at com.mercury.demo.utils.Elements.Radio.selectByIndex(Radio.java:41)
	at com.mercury.demo.utils.Elements.Radio.selectByIndex(Radio.java:41)
	at com.mercury.demo.utils.Elements.Radio.selectByIndex(Radio.java:41)
	at com.mercury.demo.utils.Elements.Radio.selectByIndex(Radio.java:41)
	at com.mercury.demo.utils.Elements.Radio.selectByIndex(Radio.java:41)
	at com.mercury.demo.utils.Elements.Radio.selectByIndex(Radio.java:41)
	at com.mercury.demo.utils.Elements.Radio.selectByIndex(Radio.java:41)
	at com.mercury.demo.utils.Elements.Radio.selectByIndex(Radio.java:41)
	at com.mercury.demo.utils.Elements.Radio.selectByIndex(Radio.java:41)
	at com.mercury.demo.utils.Elements.Radio.selectByIndex(Radio.java:41)
	at com.mercury.demo.utils.Elements.Radio.selectByIndex(Radio.java:41)
	at com.mercury.demo.utils.Elements.Radio.selectByIndex(Radio.java:41)
	at com.mercury.demo.utils.Elements.Radio.selectByIndex(Radio.java:41)
	at com.mercury.demo.utils.Elements.Radio.selectByIndex(Radio.java:41)
	at com.mercury.demo.utils.Elements.Radio.selectByIndex(Radio.java:41)
	at com.mercury.demo.utils.Elements.Radio.selectByIndex(Radio.java:41)
	at com.mercury.demo.utils.Elements.Radio.selectByIndex(Radio.java:41)
	at com.mercury.demo.utils.Elements.Radio.selectByIndex(Radio.java:41)
	at com.mercury.demo.utils.Elements.Radio.selectByIndex(Radio.java:41)
	at com.mercury.demo.utils.Elements.Radio.selectByIndex(Radio.java:41)
	at com.mercury.demo.utils.Elements.Radio.selectByIndex(Radio.java:41)
	at com.mercury.demo.utils.Elements.Radio.selectByIndex(Radio.java:41)
	at com.mercury.demo.utils.Elements.Radio.selectByIndex(Radio.java:41)
	at com.mercury.demo.utils.Elements.Radio.selectByIndex(Radio.java:41)
	at com.mercury.demo.utils.Elements.Radio.selectByIndex(Radio.java:41)
	at com.mercury.demo.utils.Elements.Radio.selectByIndex(Radio.java:41)
	at com.mercury.demo.utils.Elements.Radio.selectByIndex(Radio.java:41)
	at com.mercury.demo.utils.Elements.Radio.selectByIndex(Radio.java:41)
	at com.mercury.demo.utils.Elements.Radio.selectByIndex(Radio.java:41)
	at com.mercury.demo.utils.Elements.Radio.selectByIndex(Radio.java:41)
	at com.mercury.demo.utils.Elements.Radio.selectByIndex(Radio.java:41)
	at com.mercury.demo.utils.Elements.Radio.selectByIndex(Radio.java:41)
	at com.mercury.demo.utils.Elements.Radio.selectByIndex(Radio.java:41)
	at com.mercury.demo.utils.Elements.Radio.selectByIndex(Radio.java:41)
	at com.mercury.demo.utils.Elements.Radio.selectByIndex(Radio.java:41)
	at com.mercury.demo.utils.Elements.Radio.selectByIndex(Radio.java:41)
	at com.mercury.demo.utils.Elements.Radio.selectByIndex(Radio.java:41)
	at com.mercury.demo.utils.Elements.Radio.selectByIndex(Radio.java:41)
	at com.mercury.demo.utils.Elements.Radio.selectByIndex(Radio.java:41)
	at com.mercury.demo.utils.Elements.Radio.selectByIndex(Radio.java:41)
	at com.mercury.demo.utils.Elements.Radio.selectByIndex(Radio.java:41)
	at com.mercury.demo.utils.Elements.Radio.selectByIndex(Radio.java:41)
	at com.mercury.demo.utils.Elements.Radio.selectByIndex(Radio.java:41)
	at com.mercury.demo.utils.Elements.Radio.selectByIndex(Radio.java:41)
	at com.mercury.demo.utils.Elements.Radio.selectByIndex(Radio.java:41)
	at com.mercury.demo.utils.Elements.Radio.selectByIndex(Radio.java:41)
	at com.mercury.demo.utils.Elements.Radio.selectByIndex(Radio.java:41)
	at com.mercury.demo.utils.Elements.Radio.selectByIndex(Radio.java:41)
	at com.mercury.demo.utils.Elements.Radio.selectByIndex(Radio.java:41)
	at com.mercury.demo.utils.Elements.Radio.selectByIndex(Radio.java:41)
	at com.mercury.demo.utils.Elements.Radio.selectByIndex(Radio.java:41)
	at com.mercury.demo.utils.Elements.Radio.selectByIndex(Radio.java:41)
	at com.mercury.demo.utils.Elements.Radio.selectByIndex(Radio.java:41)
	at com.mercury.demo.utils.Elements.Radio.selectByIndex(Radio.java:41)
	at com.mercury.demo.utils.Elements.Radio.selectByIndex(Radio.java:41)
	at com.mercury.demo.utils.Elements.Radio.selectByIndex(Radio.java:41)
	at com.mercury.demo.utils.Elements.Radio.selectByIndex(Radio.java:41)
	at com.mercury.demo.utils.Elements.Radio.selectByIndex(Radio.java:41)
	at com.mercury.demo.utils.Elements.Radio.selectByIndex(Radio.java:41)
	at com.mercury.demo.utils.Elements.Radio.selectByIndex(Radio.java:41)
	at com.mercury.demo.utils.Elements.Radio.selectByIndex(Radio.java:41)
	at com.mercury.demo.utils.Elements.Radio.selectByIndex(Radio.java:41)
	at com.mercury.demo.utils.Elements.Radio.selectByIndex(Radio.java:41)
	at com.mercury.demo.utils.Elements.Radio.selectByIndex(Radio.java:41)
	at com.mercury.demo.utils.Elements.Radio.selectByIndex(Radio.java:41)
	at com.mercury.demo.utils.Elements.Radio.selectByIndex(Radio.java:41)
	at com.mercury.demo.utils.Elements.Radio.selectByIndex(Radio.java:41)
	at com.mercury.demo.utils.Elements.Radio.selectByIndex(Radio.java:41)
	at com.mercury.demo.utils.Elements.Radio.selectByIndex(Radio.java:41)
	at com.mercury.demo.utils.Elements.Radio.selectByIndex(Radio.java:41)
	at com.mercury.demo.utils.Elements.Radio.selectByIndex(Radio.java:41)
	at com.mercury.demo.utils.Elements.Radio.selectByIndex(Radio.java:41)
	at com.mercury.demo.utils.Elements.Radio.selectByIndex(Radio.java:41)
	at com.mercury.demo.utils.Elements.Radio.selectByIndex(Radio.java:41)
	at com.mercury.demo.utils.Elements.Radio.selectByIndex(Radio.java:41)
	at com.mercury.demo.utils.Elements.Radio.selectByIndex(Radio.java:41)
	at com.mercury.demo.utils.Elements.Radio.selectByIndex(Radio.java:41)
	at com.mercury.demo.utils.Elements.Radio.selectByIndex(Radio.java:41)
	at com.mercury.demo.utils.Elements.Radio.selectByIndex(Radio.java:41)
	at com.mercury.demo.utils.Elements.Radio.selectByIndex(Radio.java:41)
	at com.mercury.demo.utils.Elements.Radio.selectByIndex(Radio.java:41)
	at com.mercury.demo.utils.Elements.Radio.selectByIndex(Radio.java:41)
	at com.mercury.demo.utils.Elements.Radio.selectByIndex(Radio.java:41)
	at com.mercury.demo.utils.Elements.Radio.selectByIndex(Radio.java:41)
	at com.mercury.demo.utils.Elements.Radio.selectByIndex(Radio.java:41)
	at com.mercury.demo.utils.Elements.Radio.selectByIndex(Radio.java:41)
	at com.mercury.demo.utils.Elements.Radio.selectByIndex(Radio.java:41)
	at com.mercury.demo.utils.Elements.Radio.selectByIndex(Radio.java:41)
	at com.mercury.demo.utils.Elements.Radio.selectByIndex(Radio.java:41)
	at com.mercury.demo.utils.Elements.Radio.selectByIndex(Radio.java:41)
	at com.mercury.demo.utils.Elements.Radio.selectByIndex(Radio.java:41)
	at com.mercury.demo.utils.Elements.Radio.selectByIndex(Radio.java:41)
	at com.mercury.demo.utils.Elements.Radio.selectByIndex(Radio.java:41)
	at com.mercury.demo.utils.Elements.Radio.selectByIndex(Radio.java:41)
	at com.mercury.demo.utils.Elements.Radio.selectByIndex(Radio.java:41)
	at com.mercury.demo.utils.Elements.Radio.selectByIndex(Radio.java:41)
	at com.mercury.demo.utils.Elements.Radio.selectByIndex(Radio.java:41)
	at com.mercury.demo.utils.Elements.Radio.selectByIndex(Radio.java:41)
	at com.mercury.demo.utils.Elements.Radio.selectByIndex(Radio.java:41)
	at com.mercury.demo.utils.Elements.Radio.selectByIndex(Radio.java:41)
	at com.mercury.demo.utils.Elements.Radio.selectByIndex(Radio.java:41)
	at com.mercury.demo.utils.Elements.Radio.selectByIndex(Radio.java:41)
	at com.mercury.demo.utils.Elements.Radio.selectByIndex(Radio.java:41)
	at com.mercury.demo.utils.Elements.Radio.selectByIndex(Radio.java:41)
	at com.mercury.demo.utils.Elements.Radio.selectByIndex(Radio.java:41)
	at com.mercury.demo.utils.Elements.Radio.selectByIndex(Radio.java:41)
	at com.mercury.demo.utils.Elements.Radio.selectByIndex(Radio.java:41)
	at com.mercury.demo.utils.Elements.Radio.selectByIndex(Radio.java:41)
	at com.mercury.demo.utils.Elements.Radio.selectByIndex(Radio.java:41)
	at com.mercury.demo.utils.Elements.Radio.selectByIndex(Radio.java:41)
	at com.mercury.demo.utils.Elements.Radio.selectByIndex(Radio.java:41)
	at com.mercury.demo.utils.Elements.Radio.selectByIndex(Radio.java:41)
	at com.mercury.demo.utils.Elements.Radio.selectByIndex(Radio.java:41)
	at com.mercury.demo.utils.Elements.Radio.selectByIndex(Radio.java:41)
	at com.mercury.demo.utils.Elements.Radio.selectByIndex(Radio.java:41)
	at com.mercury.demo.utils.Elements.Radio.selectByIndex(Radio.java:41)
	at com.mercury.demo.utils.Elements.Radio.selectByIndex(Radio.java:41)
	at com.mercury.demo.utils.Elements.Radio.selectByIndex(Radio.java:41)
	at com.mercury.demo.utils.Elements.Radio.selectByIndex(Radio.java:41)
	at com.mercury.demo.utils.Elements.Radio.selectByIndex(Radio.java:41)
	at com.mercury.demo.utils.Elements.Radio.selectByIndex(Radio.java:41)
	at com.mercury.demo.utils.Elements.Radio.selectByIndex(Radio.java:41)
	at com.mercury.demo.utils.Elements.Radio.selectByIndex(Radio.java:41)
	at com.mercury.demo.utils.Elements.Radio.selectByIndex(Radio.java:41)
	at com.mercury.demo.utils.Elements.Radio.selectByIndex(Radio.java:41)
	at com.mercury.demo.utils.Elements.Radio.selectByIndex(Radio.java:41)
	at com.mercury.demo.utils.Elements.Radio.selectByIndex(Radio.java:41)
	at com.mercury.demo.utils.Elements.Radio.selectByIndex(Radio.java:41)
	at com.mercury.demo.utils.Elements.Radio.selectByIndex(Radio.java:41)
	at com.mercury.demo.utils.Elements.Radio.selectByIndex(Radio.java:41)
	at com.mercury.demo.utils.Elements.Radio.selectByIndex(Radio.java:41)
	at com.mercury.demo.utils.Elements.Radio.selectByIndex(Radio.java:41)
	at com.mercury.demo.utils.Elements.Radio.selectByIndex(Radio.java:41)
	at com.mercury.demo.utils.Elements.Radio.selectByIndex(Radio.java:41)
	at com.mercury.demo.utils.Elements.Radio.selectByIndex(Radio.java:41)
	at com.mercury.demo.utils.Elements.Radio.selectByIndex(Radio.java:41)
	at com.mercury.demo.utils.Elements.Radio.selectByIndex(Radio.java:41)
	at com.mercury.demo.utils.Elements.Radio.selectByIndex(Radio.java:41)
	at com.mercury.demo.utils.Elements.Radio.selectByIndex(Radio.java:41)
	at com.mercury.demo.utils.Elements.Radio.selectByIndex(Radio.java:41)
	at com.mercury.demo.utils.Elements.Radio.selectByIndex(Radio.java:41)
	at com.mercury.demo.utils.Elements.Radio.selectByIndex(Radio.java:41)
	at com.mercury.demo.utils.Elements.Radio.selectByIndex(Radio.java:41)
	at com.mercury.demo.utils.Elements.Radio.selectByIndex(Radio.java:41)
	at com.mercury.demo.utils.Elements.Radio.selectByIndex(Radio.java:41)
	at com.mercury.demo.utils.Elements.Radio.selectByIndex(Radio.java:41)
	at com.mercury.demo.utils.Elements.Radio.selectByIndex(Radio.java:41)
	at com.mercury.demo.utils.Elements.Radio.selectByIndex(Radio.java:41)
	at com.mercury.demo.utils.Elements.Radio.selectByIndex(Radio.java:41)
	at com.mercury.demo.utils.Elements.Radio.selectByIndex(Radio.java:41)
	at com.mercury.demo.utils.Elements.Radio.selectByIndex(Radio.java:41)
	at com.mercury.demo.utils.Elements.Radio.selectByIndex(Radio.java:41)
	at com.mercury.demo.utils.Elements.Radio.selectByIndex(Radio.java:41)
	at com.mercury.demo.utils.Elements.Radio.selectByIndex(Radio.java:41)
	at com.mercury.demo.utils.Elements.Radio.selectByIndex(Radio.java:41)
	at com.mercury.demo.utils.Elements.Radio.selectByIndex(Radio.java:41)
	at com.mercury.demo.utils.Elements.Radio.selectByIndex(Radio.java:41)
	at com.mercury.demo.utils.Elements.Radio.selectByIndex(Radio.java:41)
	at com.mercury.demo.utils.Elements.Radio.selectByIndex(Radio.java:41)
	at com.mercury.demo.utils.Elements.Radio.selectByIndex(Radio.java:41)
	at com.mercury.demo.utils.Elements.Radio.selectByIndex(Radio.java:41)
	at com.mercury.demo.utils.Elements.Radio.selectByIndex(Radio.java:41)
	at com.mercury.demo.utils.Elements.Radio.selectByIndex(Radio.java:41)
	at com.mercury.demo.utils.Elements.Radio.selectByIndex(Radio.java:41)
	at com.mercury.demo.utils.Elements.Radio.selectByIndex(Radio.java:41)
	at com.mercury.demo.utils.Elements.Radio.selectByIndex(Radio.java:41)
	at com.mercury.demo.utils.Elements.Radio.selectByIndex(Radio.java:41)
	at com.mercury.demo.utils.Elements.Radio.selectByIndex(Radio.java:41)
	at com.mercury.demo.utils.Elements.Radio.selectByIndex(Radio.java:41)
	at com.mercury.demo.utils.Elements.Radio.selectByIndex(Radio.java:41)
	at com.mercury.demo.utils.Elements.Radio.selectByIndex(Radio.java:41)
	at com.mercury.demo.utils.Elements.Radio.selectByIndex(Radio.java:41)
	at com.mercury.demo.utils.Elements.Radio.selectByIndex(Radio.java:41)
	at com.mercury.demo.utils.Elements.Radio.selectByIndex(Radio.java:41)
	at com.mercury.demo.utils.Elements.Radio.selectByIndex(Radio.java:41)
	at com.mercury.demo.utils.Elements.Radio.selectByIndex(Radio.java:41)
	at com.mercury.demo.utils.Elements.Radio.selectByIndex(Radio.java:41)
	at com.mercury.demo.utils.Elements.Radio.selectByIndex(Radio.java:41)
	at com.mercury.demo.utils.Elements.Radio.selectByIndex(Radio.java:41)
	at com.mercury.demo.utils.Elements.Radio.selectByIndex(Radio.java:41)
	at com.mercury.demo.utils.Elements.Radio.selectByIndex(Radio.java:41)
	at com.mercury.demo.utils.Elements.Radio.selectByIndex(Radio.java:41)
	at com.mercury.demo.utils.Elements.Radio.selectByIndex(Radio.java:41)
	at com.mercury.demo.utils.Elements.Radio.selectByIndex(Radio.java:41)
	at com.mercury.demo.utils.Elements.Radio.selectByIndex(Radio.java:41)
	at com.mercury.demo.utils.Elements.Radio.selectByIndex(Radio.java:41)
	at com.mercury.demo.utils.Elements.Radio.selectByIndex(Radio.java:41)
	at com.mercury.demo.utils.Elements.Radio.selectByIndex(Radio.java:41)
	at com.mercury.demo.utils.Elements.Radio.selectByIndex(Radio.java:41)
	at com.mercury.demo.utils.Elements.Radio.selectByIndex(Radio.java:41)
	at com.mercury.demo.utils.Elements.Radio.selectByIndex(Radio.java:41)
	at com.mercury.demo.utils.Elements.Radio.selectByIndex(Radio.java:41)
	at com.mercury.demo.utils.Elements.Radio.selectByIndex(Radio.java:41)
	at com.mercury.demo.utils.Elements.Radio.selectByIndex(Radio.java:41)
	at com.mercury.demo.utils.Elements.Radio.selectByIndex(Radio.java:41)
	at com.mercury.demo.utils.Elements.Radio.selectByIndex(Radio.java:41)
	at com.mercury.demo.utils.Elements.Radio.selectByIndex(Radio.java:41)
	at com.mercury.demo.utils.Elements.Radio.selectByIndex(Radio.java:41)
	at com.mercury.demo.utils.Elements.Radio.selectByIndex(Radio.java:41)
	at com.mercury.demo.utils.Elements.Radio.selectByIndex(Radio.java:41)
	at com.mercury.demo.utils.Elements.Radio.selectByIndex(Radio.java:41)
	at com.mercury.demo.utils.Elements.Radio.selectByIndex(Radio.java:41)
	at com.mercury.demo.utils.Elements.Radio.selectByIndex(Radio.java:41)
	at com.mercury.demo.utils.Elements.Radio.selectByIndex(Radio.java:41)
	at com.mercury.demo.utils.Elements.Radio.selectByIndex(Radio.java:41)
	at com.mercury.demo.utils.Elements.Radio.selectByIndex(Radio.java:41)
	at com.mercury.demo.utils.Elements.Radio.selectByIndex(Radio.java:41)
	at com.mercury.demo.utils.Elements.Radio.selectByIndex(Radio.java:41)
	at com.mercury.demo.utils.Elements.Radio.selectByIndex(Radio.java:41)
	at com.mercury.demo.utils.Elements.Radio.selectByIndex(Radio.java:41)
	at com.mercury.demo.utils.Elements.Radio.selectByIndex(Radio.java:41)
	at com.mercury.demo.utils.Elements.Radio.selectByIndex(Radio.java:41)
	at com.mercury.demo.utils.Elements.Radio.selectByIndex(Radio.java:41)
	at com.mercury.demo.utils.Elements.Radio.selectByIndex(Radio.java:41)
	at com.mercury.demo.utils.Elements.Radio.selectByIndex(Radio.java:41)
	at com.mercury.demo.utils.Elements.Radio.selectByIndex(Radio.java:41)
	at com.mercury.demo.utils.Elements.Radio.selectByIndex(Radio.java:41)
	at com.mercury.demo.utils.Elements.Radio.selectByIndex(Radio.java:41)
	at com.mercury.demo.utils.Elements.Radio.selectByIndex(Radio.java:41)
	at com.mercury.demo.utils.Elements.Radio.selectByIndex(Radio.java:41)
	at com.mercury.demo.utils.Elements.Radio.selectByIndex(Radio.java:41)
	at com.mercury.demo.utils.Elements.Radio.selectByIndex(Radio.java:41)
	at com.mercury.demo.utils.Elements.Radio.selectByIndex(Radio.java:41)
	at com.mercury.demo.utils.Elements.Radio.selectByIndex(Radio.java:41)
	at com.mercury.demo.utils.Elements.Radio.selectByIndex(Radio.java:41)
	at com.mercury.demo.utils.Elements.Radio.selectByIndex(Radio.java:41)
	at com.mercury.demo.utils.Elements.Radio.selectByIndex(Radio.java:41)
	at com.mercury.demo.utils.Elements.Radio.selectByIndex(Radio.java:41)
	at com.mercury.demo.utils.Elements.Radio.selectByIndex(Radio.java:41)
	at com.mercury.demo.utils.Elements.Radio.selectByIndex(Radio.java:41)
	at com.mercury.demo.utils.Elements.Radio.selectByIndex(Radio.java:41)
	at com.mercury.demo.utils.Elements.Radio.selectByIndex(Radio.java:41)
	at com.mercury.demo.utils.Elements.Radio.selectByIndex(Radio.java:41)
	at com.mercury.demo.utils.Elements.Radio.selectByIndex(Radio.java:41)
	at com.mercury.demo.utils.Elements.Radio.selectByIndex(Radio.java:41)
	at com.mercury.demo.utils.Elements.Radio.selectByIndex(Radio.java:41)
	at com.mercury.demo.utils.Elements.Radio.selectByIndex(Radio.java:41)
	at com.mercury.demo.utils.Elements.Radio.selectByIndex(Radio.java:41)
	at com.mercury.demo.utils.Elements.Radio.selectByIndex(Radio.java:41)
	at com.mercury.demo.utils.Elements.Radio.selectByIndex(Radio.java:41)
	at com.mercury.demo.utils.Elements.Radio.selectByIndex(Radio.java:41)
	at com.mercury.demo.utils.Elements.Radio.selectByIndex(Radio.java:41)
	at com.mercury.demo.utils.Elements.Radio.selectByIndex(Radio.java:41)
	at com.mercury.demo.utils.Elements.Radio.selectByIndex(Radio.java:41)
	at com.mercury.demo.utils.Elements.Radio.selectByIndex(Radio.java:41)
	at com.mercury.demo.utils.Elements.Radio.selectByIndex(Radio.java:41)
	at com.mercury.demo.utils.Elements.Radio.selectByIndex(Radio.java:41)
	at com.mercury.demo.utils.Elements.Radio.selectByIndex(Radio.java:41)
	at com.mercury.demo.utils.Elements.Radio.selectByIndex(Radio.java:41)
	at com.mercury.demo.utils.Elements.Radio.selectByIndex(Radio.java:41)
	at com.mercury.demo.utils.Elements.Radio.selectByIndex(Radio.java:41)
	at com.mercury.demo.utils.Elements.Radio.selectByIndex(Radio.java:41)
	at com.mercury.demo.utils.Elements.Radio.selectByIndex(Radio.java:41)
	at com.mercury.demo.utils.Elements.Radio.selectByIndex(Radio.java:41)
	at com.mercury.demo.utils.Elements.Radio.selectByIndex(Radio.java:41)
	at com.mercury.demo.utils.Elements.Radio.selectByIndex(Radio.java:41)
	at com.mercury.demo.utils.Elements.Radio.selectByIndex(Radio.java:41)
	at com.mercury.demo.utils.Elements.Radio.selectByIndex(Radio.java:41)
	at com.mercury.demo.utils.Elements.Radio.selectByIndex(Radio.java:41)
	at com.mercury.demo.utils.Elements.Radio.selectByIndex(Radio.java:41)
	at com.mercury.demo.utils.Elements.Radio.selectByIndex(Radio.java:41)
	at com.mercury.demo.utils.Elements.Radio.selectByIndex(Radio.java:41)
	at com.mercury.demo.utils.Elements.Radio.selectByIndex(Radio.java:41)
	at com.mercury.demo.utils.Elements.Radio.selectByIndex(Radio.java:41)
	at com.mercury.demo.utils.Elements.Radio.selectByIndex(Radio.java:41)
	at com.mercury.demo.utils.Elements.Radio.selectByIndex(Radio.java:41)
	at com.mercury.demo.utils.Elements.Radio.selectByIndex(Radio.java:41)
	at com.mercury.demo.utils.Elements.Radio.selectByIndex(Radio.java:41)
	at com.mercury.demo.utils.Elements.Radio.selectByIndex(Radio.java:41)
	at com.mercury.demo.utils.Elements.Radio.selectByIndex(Radio.java:41)
	at com.mercury.demo.utils.Elements.Radio.selectByIndex(Radio.java:41)
	at com.mercury.demo.utils.Elements.Radio.selectByIndex(Radio.java:41)
	at com.mercury.demo.utils.Elements.Radio.selectByIndex(Radio.java:41)
	at com.mercury.demo.utils.Elements.Radio.selectByIndex(Radio.java:41)
	at com.mercury.demo.utils.Elements.Radio.selectByIndex(Radio.java:41)
	at com.mercury.demo.utils.Elements.Radio.selectByIndex(Radio.java:41)
	at com.mercury.demo.utils.Elements.Radio.selectByIndex(Radio.java:41)
	at com.mercury.demo.utils.Elements.Radio.selectByIndex(Radio.java:41)
	at com.mercury.demo.utils.Elements.Radio.selectByIndex(Radio.java:41)
	at com.mercury.demo.utils.Elements.Radio.selectByIndex(Radio.java:41)
	at com.mercury.demo.utils.Elements.Radio.selectByIndex(Radio.java:41)
	at com.mercury.demo.utils.Elements.Radio.selectByIndex(Radio.java:41)
	at com.mercury.demo.utils.Elements.Radio.selectByIndex(Radio.java:41)
	at com.mercury.demo.utils.Elements.Radio.selectByIndex(Radio.java:41)
	at com.mercury.demo.utils.Elements.Radio.selectByIndex(Radio.java:41)
	at com.mercury.demo.utils.Elements.Radio.selectByIndex(Radio.java:41)
	at com.mercury.demo.utils.Elements.Radio.selectByIndex(Radio.java:41)
	at com.mercury.demo.utils.Elements.Radio.selectByIndex(Radio.java:41)
	at com.mercury.demo.utils.Elements.Radio.selectByIndex(Radio.java:41)
	at com.mercury.demo.utils.Elements.Radio.selectByIndex(Radio.java:41)
	at com.mercury.demo.utils.Elements.Radio.selectByIndex(Radio.java:41)
	at com.mercury.demo.utils.Elements.Radio.selectByIndex(Radio.java:41)
	at com.mercury.demo.utils.Elements.Radio.selectByIndex(Radio.java:41)
	at com.mercury.demo.utils.Elements.Radio.selectByIndex(Radio.java:41)
	at com.mercury.demo.utils.Elements.Radio.selectByIndex(Radio.java:41)
	at com.mercury.demo.utils.Elements.Radio.selectByIndex(Radio.java:41)
	at com.mercury.demo.utils.Elements.Radio.selectByIndex(Radio.java:41)
	at com.mercury.demo.utils.Elements.Radio.selectByIndex(Radio.java:41)
	at com.mercury.demo.utils.Elements.Radio.selectByIndex(Radio.java:41)
	at com.mercury.demo.utils.Elements.Radio.selectByIndex(Radio.java:41)
	at com.mercury.demo.utils.Elements.Radio.selectByIndex(Radio.java:41)
	at com.mercury.demo.utils.Elements.Radio.selectByIndex(Radio.java:41)
	at com.mercury.demo.utils.Elements.Radio.selectByIndex(Radio.java:41)
	at com.mercury.demo.utils.Elements.Radio.selectByIndex(Radio.java:41)
	at com.mercury.demo.utils.Elements.Radio.selectByIndex(Radio.java:41)
	at com.mercury.demo.utils.Elements.Radio.selectByIndex(Radio.java:41)
	at com.mercury.demo.utils.Elements.Radio.selectByIndex(Radio.java:41)
	at com.mercury.demo.utils.Elements.Radio.selectByIndex(Radio.java:41)
	at com.mercury.demo.utils.Elements.Radio.selectByIndex(Radio.java:41)
	at com.mercury.demo.utils.Elements.Radio.selectByIndex(Radio.java:41)
	at com.mercury.demo.utils.Elements.Radio.selectByIndex(Radio.java:41)
	at com.mercury.demo.utils.Elements.Radio.selectByIndex(Radio.java:41)
	at com.mercury.demo.utils.Elements.Radio.selectByIndex(Radio.java:41)
	at com.mercury.demo.utils.Elements.Radio.selectByIndex(Radio.java:41)
	at com.mercury.demo.utils.Elements.Radio.selectByIndex(Radio.java:41)
	at com.mercury.demo.utils.Elements.Radio.selectByIndex(Radio.java:41)
	at com.mercury.demo.utils.Elements.Radio.selectByIndex(Radio.java:41)
	at com.mercury.demo.utils.Elements.Radio.selectByIndex(Radio.java:41)
	at com.mercury.demo.utils.Elements.Radio.selectByIndex(Radio.java:41)
	at com.mercury.demo.utils.Elements.Radio.selectByIndex(Radio.java:41)
	at com.mercury.demo.utils.Elements.Radio.selectByIndex(Radio.java:41)
	at com.mercury.demo.utils.Elements.Radio.selectByIndex(Radio.java:41)
	at com.mercury.demo.utils.Elements.Radio.selectByIndex(Radio.java:41)
	at com.mercury.demo.utils.Elements.Radio.selectByIndex(Radio.java:41)
	at com.mercury.demo.utils.Elements.Radio.selectByIndex(Radio.java:41)
	at com.mercury.demo.utils.Elements.Radio.selectByIndex(Radio.java:41)
	at com.mercury.demo.utils.Elements.Radio.selectByIndex(Radio.java:41)
	at com.mercury.demo.utils.Elements.Radio.selectByIndex(Radio.java:41)
	at com.mercury.demo.utils.Elements.Radio.selectByIndex(Radio.java:41)
	at com.mercury.demo.utils.Elements.Radio.selectByIndex(Radio.java:41)
	at com.mercury.demo.utils.Elements.Radio.selectByIndex(Radio.java:41)
	at com.mercury.demo.utils.Elements.Radio.selectByIndex(Radio.java:41)
	at com.mercury.demo.utils.Elements.Radio.selectByIndex(Radio.java:41)
	at com.mercury.demo.utils.Elements.Radio.selectByIndex(Radio.java:41)
	at com.mercury.demo.utils.Elements.Radio.selectByIndex(Radio.java:41)
	at com.mercury.demo.utils.Elements.Radio.selectByIndex(Radio.java:41)
	at com.mercury.demo.utils.Elements.Radio.selectByIndex(Radio.java:41)
	at com.mercury.demo.utils.Elements.Radio.selectByIndex(Radio.java:41)
	at com.mercury.demo.utils.Elements.Radio.selectByIndex(Radio.java:41)
	at com.mercury.demo.utils.Elements.Radio.selectByIndex(Radio.java:41)
	at com.mercury.demo.utils.Elements.Radio.selectByIndex(Radio.java:41)
	at com.mercury.demo.utils.Elements.Radio.selectByIndex(Radio.java:41)
	at com.mercury.demo.utils.Elements.Radio.selectByIndex(Radio.java:41)
	at com.mercury.demo.utils.Elements.Radio.selectByIndex(Radio.java:41)
	at com.mercury.demo.utils.Elements.Radio.selectByIndex(Radio.java:41)
	at com.mercury.demo.utils.Elements.Radio.selectByIndex(Radio.java:41)
	at com.mercury.demo.utils.Elements.Radio.selectByIndex(Radio.java:41)
	at com.mercury.demo.utils.Elements.Radio.selectByIndex(Radio.java:41)
	at com.mercury.demo.utils.Elements.Radio.selectByIndex(Radio.java:41)
	at com.mercury.demo.utils.Elements.Radio.selectByIndex(Radio.java:41)
	at com.mercury.demo.utils.Elements.Radio.selectByIndex(Radio.java:41)
	at com.mercury.demo.utils.Elements.Radio.selectByIndex(Radio.java:41)
	at com.mercury.demo.utils.Elements.Radio.selectByIndex(Radio.java:41)
	at com.mercury.demo.utils.Elements.Radio.selectByIndex(Radio.java:41)
	at com.mercury.demo.utils.Elements.Radio.selectByIndex(Radio.java:41)
	at com.mercury.demo.utils.Elements.Radio.selectByIndex(Radio.java:41)
	at com.mercury.demo.utils.Elements.Radio.selectByIndex(Radio.java:41)
	at com.mercury.demo.utils.Elements.Radio.selectByIndex(Radio.java:41)
	at com.mercury.demo.utils.Elements.Radio.selectByIndex(Radio.java:41)
	at com.mercury.demo.utils.Elements.Radio.selectByIndex(Radio.java:41)
	at com.mercury.demo.utils.Elements.Radio.selectByIndex(Radio.java:41)
	at com.mercury.demo.utils.Elements.Radio.selectByIndex(Radio.java:41)
	at com.mercury.demo.utils.Elements.Radio.selectByIndex(Radio.java:41)
	at com.mercury.demo.utils.Elements.Radio.selectByIndex(Radio.java:41)
	at com.mercury.demo.utils.Elements.Radio.selectByIndex(Radio.java:41)
	at com.mercury.demo.utils.Elements.Radio.selectByIndex(Radio.java:41)
	at com.mercury.demo.utils.Elements.Radio.selectByIndex(Radio.java:41)
	at com.mercury.demo.utils.Elements.Radio.selectByIndex(Radio.java:41)
	at com.mercury.demo.utils.Elements.Radio.selectByIndex(Radio.java:41)
	at com.mercury.demo.utils.Elements.Radio.selectByIndex(Radio.java:41)
	at com.mercury.demo.utils.Elements.Radio.selectByIndex(Radio.java:41)
	at com.mercury.demo.utils.Elements.Radio.selectByIndex(Radio.java:41)
	at com.mercury.demo.utils.Elements.Radio.selectByIndex(Radio.java:41)
	at com.mercury.demo.utils.Elements.Radio.selectByIndex(Radio.java:41)
	at com.mercury.demo.utils.Elements.Radio.selectByIndex(Radio.java:41)
	at com.mercury.demo.utils.Elements.Radio.selectByIndex(Radio.java:41)
	at com.mercury.demo.utils.Elements.Radio.selectByIndex(Radio.java:41)
	at com.mercury.demo.utils.Elements.Radio.selectByIndex(Radio.java:41)
	at com.mercury.demo.utils.Elements.Radio.selectByIndex(Radio.java:41)
	at com.mercury.demo.utils.Elements.Radio.selectByIndex(Radio.java:41)
	at com.mercury.demo.utils.Elements.Radio.selectByIndex(Radio.java:41)
	at com.mercury.demo.utils.Elements.Radio.selectByIndex(Radio.java:41)
	at com.mercury.demo.utils.Elements.Radio.selectByIndex(Radio.java:41)
	at com.mercury.demo.utils.Elements.Radio.selectByIndex(Radio.java:41)
	at com.mercury.demo.utils.Elements.Radio.selectByIndex(Radio.java:41)
	at com.mercury.demo.utils.Elements.Radio.selectByIndex(Radio.java:41)
	at com.mercury.demo.utils.Elements.Radio.selectByIndex(Radio.java:41)
	at com.mercury.demo.utils.Elements.Radio.selectByIndex(Radio.java:41)
	at com.mercury.demo.utils.Elements.Radio.selectByIndex(Radio.java:41)
	at com.mercury.demo.utils.Elements.Radio.selectByIndex(Radio.java:41)
	at com.mercury.demo.utils.Elements.Radio.selectByIndex(Radio.java:41)
	at com.mercury.demo.utils.Elements.Radio.selectByIndex(Radio.java:41)
	at com.mercury.demo.utils.Elements.Radio.selectByIndex(Radio.java:41)
	at com.mercury.demo.utils.Elements.Radio.selectByIndex(Radio.java:41)
	at com.mercury.demo.utils.Elements.Radio.selectByIndex(Radio.java:41)
	at com.mercury.demo.utils.Elements.Radio.selectByIndex(Radio.java:41)
	at com.mercury.demo.utils.Elements.Radio.selectByIndex(Radio.java:41)
	at com.mercury.demo.utils.Elements.Radio.selectByIndex(Radio.java:41)
	at com.mercury.demo.utils.Elements.Radio.selectByIndex(Radio.java:41)
	at com.mercury.demo.utils.Elements.Radio.selectByIndex(Radio.java:41)
	at com.mercury.demo.utils.Elements.Radio.selectByIndex(Radio.java:41)
	at com.mercury.demo.utils.Elements.Radio.selectByIndex(Radio.java:41)
	at com.mercury.demo.utils.Elements.Radio.selectByIndex(Radio.java:41)
	at com.mercury.demo.utils.Elements.Radio.selectByIndex(Radio.java:41)
	at com.mercury.demo.utils.Elements.Radio.selectByIndex(Radio.java:41)
	at com.mercury.demo.utils.Elements.Radio.selectByIndex(Radio.java:41)
	at com.mercury.demo.utils.Elements.Radio.selectByIndex(Radio.java:41)
	at com.mercury.demo.utils.Elements.Radio.selectByIndex(Radio.java:41)
	at com.mercury.demo.utils.Elements.Radio.selectByIndex(Radio.java:41)
	at com.mercury.demo.utils.Elements.Radio.selectByIndex(Radio.java:41)
	at com.mercury.demo.utils.Elements.Radio.selectByIndex(Radio.java:41)
	at com.mercury.demo.utils.Elements.Radio.selectByIndex(Radio.java:41)
	at com.mercury.demo.utils.Elements.Radio.selectByIndex(Radio.java:41)
	at com.mercury.demo.utils.Elements.Radio.selectByIndex(Radio.java:41)
	at com.mercury.demo.utils.Elements.Radio.selectByIndex(Radio.java:41)
	at com.mercury.demo.utils.Elements.Radio.selectByIndex(Radio.java:41)
	at com.mercury.demo.utils.Elements.Radio.selectByIndex(Radio.java:41)
	at com.mercury.demo.utils.Elements.Radio.selectByIndex(Radio.java:41)
	at com.mercury.demo.utils.Elements.Radio.selectByIndex(Radio.java:41)
	at com.mercury.demo.utils.Elements.Radio.selectByIndex(Radio.java:41)
	at com.mercury.demo.utils.Elements.Radio.selectByIndex(Radio.java:41)
	at com.mercury.demo.utils.Elements.Radio.selectByIndex(Radio.java:41)
	at com.mercury.demo.utils.Elements.Radio.selectByIndex(Radio.java:41)
	at com.mercury.demo.utils.Elements.Radio.selectByIndex(Radio.java:41)
	at com.mercury.demo.utils.Elements.Radio.selectByIndex(Radio.java:41)
	at com.mercury.demo.utils.Elements.Radio.selectByIndex(Radio.java:41)
	at com.mercury.demo.utils.Elements.Radio.selectByIndex(Radio.java:41)
	at com.mercury.demo.utils.Elements.Radio.selectByIndex(Radio.java:41)
	at com.mercury.demo.utils.Elements.Radio.selectByIndex(Radio.java:41)
	at com.mercury.demo.utils.Elements.Radio.selectByIndex(Radio.java:41)
	at com.mercury.demo.utils.Elements.Radio.selectByIndex(Radio.java:41)
	at com.mercury.demo.utils.Elements.Radio.selectByIndex(Radio.java:41)
	at com.mercury.demo.utils.Elements.Radio.selectByIndex(Radio.java:41)
	at com.mercury.demo.utils.Elements.Radio.selectByIndex(Radio.java:41)
	at com.mercury.demo.utils.Elements.Radio.selectByIndex(Radio.java:41)
	at com.mercury.demo.utils.Elements.Radio.selectByIndex(Radio.java:41)
	at com.mercury.demo.utils.Elements.Radio.selectByIndex(Radio.java:41)
	at com.mercury.demo.utils.Elements.Radio.selectByIndex(Radio.java:41)
	at com.mercury.demo.utils.Elements.Radio.selectByIndex(Radio.java:41)
	at com.mercury.demo.utils.Elements.Radio.selectByIndex(Radio.java:41)
	at com.mercury.demo.utils.Elements.Radio.selectByIndex(Radio.java:41)
	at com.mercury.demo.utils.Elements.Radio.selectByIndex(Radio.java:41)
	at com.mercury.demo.utils.Elements.Radio.selectByIndex(Radio.java:41)
	at com.mercury.demo.utils.Elements.Radio.selectByIndex(Radio.java:41)
	at com.mercury.demo.utils.Elements.Radio.selectByIndex(Radio.java:41)
	at com.mercury.demo.utils.Elements.Radio.selectByIndex(Radio.java:41)
	at com.mercury.demo.utils.Elements.Radio.selectByIndex(Radio.java:41)
	at com.mercury.demo.utils.Elements.Radio.selectByIndex(Radio.java:41)
	at com.mercury.demo.utils.Elements.Radio.selectByIndex(Radio.java:41)
	at com.mercury.demo.utils.Elements.Radio.selectByIndex(Radio.java:41)
	at com.mercury.demo.utils.Elements.Radio.selectByIndex(Radio.java:41)
	at com.mercury.demo.utils.Elements.Radio.selectByIndex(Radio.java:41)
	at com.mercury.demo.utils.Elements.Radio.selectByIndex(Radio.java:41)
	at com.mercury.demo.utils.Elements.Radio.selectByIndex(Radio.java:41)
	at com.mercury.demo.utils.Elements.Radio.selectByIndex(Radio.java:41)
	at com.mercury.demo.utils.Elements.Radio.selectByIndex(Radio.java:41)
	at com.mercury.demo.utils.Elements.Radio.selectByIndex(Radio.java:41)
	at com.mercury.demo.utils.Elements.Radio.selectByIndex(Radio.java:41)
	at com.mercury.demo.utils.Elements.Radio.selectByIndex(Radio.java:41)
	at com.mercury.demo.utils.Elements.Radio.selectByIndex(Radio.java:41)
	at com.mercury.demo.utils.Elements.Radio.selectByIndex(Radio.java:41)
	at com.mercury.demo.utils.Elements.Radio.selectByIndex(Radio.java:41)
	at com.mercury.demo.utils.Elements.Radio.selectByIndex(Radio.java:41)
	at com.mercury.demo.utils.Elements.Radio.selectByIndex(Radio.java:41)
	at com.mercury.demo.utils.Elements.Radio.selectByIndex(Radio.java:41)
	at com.mercury.demo.utils.Elements.Radio.selectByIndex(Radio.java:41)
	at com.mercury.demo.utils.Elements.Radio.selectByIndex(Radio.java:41)
	at com.mercury.demo.utils.Elements.Radio.selectByIndex(Radio.java:41)
	at com.mercury.demo.utils.Elements.Radio.selectByIndex(Radio.java:41)
	at com.mercury.demo.utils.Elements.Radio.selectByIndex(Radio.java:41)
	at com.mercury.demo.utils.Elements.Radio.selectByIndex(Radio.java:41)
	at com.mercury.demo.utils.Elements.Radio.selectByIndex(Radio.java:41)
	at com.mercury.demo.utils.Elements.Radio.selectByIndex(Radio.java:41)
	at com.mercury.demo.utils.Elements.Radio.selectByIndex(Radio.java:41)
	at com.mercury.demo.utils.Elements.Radio.selectByIndex(Radio.java:41)
	at com.mercury.demo.utils.Elements.Radio.selectByIndex(Radio.java:41)
	at com.mercury.demo.utils.Elements.Radio.selectByIndex(Radio.java:41)
	at com.mercury.demo.utils.Elements.Radio.selectByIndex(Radio.java:41)
	at com.mercury.demo.utils.Elements.Radio.selectByIndex(Radio.java:41)
	at com.mercury.demo.utils.Elements.Radio.selectByIndex(Radio.java:41)
	at com.mercury.demo.utils.Elements.Radio.selectByIndex(Radio.java:41)
	at com.mercury.demo.utils.Elements.Radio.selectByIndex(Radio.java:41)
	at com.mercury.demo.utils.Elements.Radio.selectByIndex(Radio.java:41)
	at com.mercury.demo.utils.Elements.Radio.selectByIndex(Radio.java:41)
	at com.mercury.demo.utils.Elements.Radio.selectByIndex(Radio.java:41)
	at com.mercury.demo.utils.Elements.Radio.selectByIndex(Radio.java:41)
	at com.mercury.demo.utils.Elements.Radio.selectByIndex(Radio.java:41)
	at com.mercury.demo.utils.Elements.Radio.selectByIndex(Radio.java:41)
	at com.mercury.demo.utils.Elements.Radio.selectByIndex(Radio.java:41)
	at com.mercury.demo.utils.Elements.Radio.selectByIndex(Radio.java:41)
	at com.mercury.demo.utils.Elements.Radio.selectByIndex(Radio.java:41)
	at com.mercury.demo.utils.Elements.Radio.selectByIndex(Radio.java:41)
	at com.mercury.demo.utils.Elements.Radio.selectByIndex(Radio.java:41)
	at com.mercury.demo.utils.Elements.Radio.selectByIndex(Radio.java:41)
	at com.mercury.demo.utils.Elements.Radio.selectByIndex(Radio.java:41)
	at com.mercury.demo.utils.Elements.Radio.selectByIndex(Radio.java:41)
	at com.mercury.demo.utils.Elements.Radio.selectByIndex(Radio.java:41)
	at com.mercury.demo.utils.Elements.Radio.selectByIndex(Radio.java:41)
	at com.mercury.demo.utils.Elements.Radio.selectByIndex(Radio.java:41)
	at com.mercury.demo.utils.Elements.Radio.selectByIndex(Radio.java:41)
	at com.mercury.demo.utils.Elements.Radio.selectByIndex(Radio.java:41)
	at com.mercury.demo.utils.Elements.Radio.selectByIndex(Radio.java:41)
	at com.mercury.demo.utils.Elements.Radio.selectByIndex(Radio.java:41)
	at com.mercury.demo.utils.Elements.Radio.selectByIndex(Radio.java:41)
	at com.mercury.demo.utils.Elements.Radio.selectByIndex(Radio.java:41)
	at com.mercury.demo.utils.Elements.Radio.selectByIndex(Radio.java:41)
	at com.mercury.demo.utils.Elements.Radio.selectByIndex(Radio.java:41)
	at com.mercury.demo.utils.Elements.Radio.selectByIndex(Radio.java:41)
	at com.mercury.demo.utils.Elements.Radio.selectByIndex(Radio.java:41)
	at com.mercury.demo.utils.Elements.Radio.selectByIndex(Radio.java:41)
	at com.mercury.demo.utils.Elements.Radio.selectByIndex(Radio.java:41)
	at com.mercury.demo.utils.Elements.Radio.selectByIndex(Radio.java:41)
	at com.mercury.demo.utils.Elements.Radio.selectByIndex(Radio.java:41)
	at com.mercury.demo.utils.Elements.Radio.selectByIndex(Radio.java:41)
	at com.mercury.demo.utils.Elements.Radio.selectByIndex(Radio.java:41)
	at com.mercury.demo.utils.Elements.Radio.selectByIndex(Radio.java:41)
	at com.mercury.demo.utils.Elements.Radio.selectByIndex(Radio.java:41)
	at com.mercury.demo.utils.Elements.Radio.selectByIndex(Radio.java:41)
	at com.mercury.demo.utils.Elements.Radio.selectByIndex(Radio.java:41)
	at com.mercury.demo.utils.Elements.Radio.selectByIndex(Radio.java:41)
	at com.mercury.demo.utils.Elements.Radio.selectByIndex(Radio.java:41)
	at com.mercury.demo.utils.Elements.Radio.selectByIndex(Radio.java:41)
	at com.mercury.demo.utils.Elements.Radio.selectByIndex(Radio.java:41)
	at com.mercury.demo.utils.Elements.Radio.selectByIndex(Radio.java:41)
	at com.mercury.demo.utils.Elements.Radio.selectByIndex(Radio.java:41)
	at com.mercury.demo.utils.Elements.Radio.selectByIndex(Radio.java:41)
	at com.mercury.demo.utils.Elements.Radio.selectByIndex(Radio.java:41)
	at com.mercury.demo.utils.Elements.Radio.selectByIndex(Radio.java:41)
	at com.mercury.demo.utils.Elements.Radio.selectByIndex(Radio.java:41)
	at com.mercury.demo.utils.Elements.Radio.selectByIndex(Radio.java:41)
	at com.mercury.demo.utils.Elements.Radio.selectByIndex(Radio.java:41)
	at com.mercury.demo.utils.Elements.Radio.selectByIndex(Radio.java:41)
	at com.mercury.demo.utils.Elements.Radio.selectByIndex(Radio.java:41)
	at com.mercury.demo.utils.Elements.Radio.selectByIndex(Radio.java:41)
	at com.mercury.demo.utils.Elements.Radio.selectByIndex(Radio.java:41)
	at com.mercury.demo.utils.Elements.Radio.selectByIndex(Radio.java:41)
	at com.mercury.demo.utils.Elements.Radio.selectByIndex(Radio.java:41)
	at com.mercury.demo.utils.Elements.Radio.selectByIndex(Radio.java:41)
	at com.mercury.demo.utils.Elements.Radio.selectByIndex(Radio.java:41)
	at com.mercury.demo.utils.Elements.Radio.selectByIndex(Radio.java:41)
	at com.mercury.demo.utils.Elements.Radio.selectByIndex(Radio.java:41)
	at com.mercury.demo.utils.Elements.Radio.selectByIndex(Radio.java:41)
	at com.mercury.demo.utils.Elements.Radio.selectByIndex(Radio.java:41)
	at com.mercury.demo.utils.Elements.Radio.selectByIndex(Radio.java:41)
	at com.mercury.demo.utils.Elements.Radio.selectByIndex(Radio.java:41)
	at com.mercury.demo.utils.Elements.Radio.selectByIndex(Radio.java:41)
	at com.mercury.demo.utils.Elements.Radio.selectByIndex(Radio.java:41)
	at com.mercury.demo.utils.Elements.Radio.selectByIndex(Radio.java:41)
	at com.mercury.demo.utils.Elements.Radio.selectByIndex(Radio.java:41)
	at com.mercury.demo.utils.Elements.Radio.selectByIndex(Radio.java:41)
	at com.mercury.demo.utils.Elements.Radio.selectByIndex(Radio.java:41)
	at com.mercury.demo.utils.Elements.Radio.selectByIndex(Radio.java:41)
	at com.mercury.demo.utils.Elements.Radio.selectByIndex(Radio.java:41)
	at com.mercury.demo.utils.Elements.Radio.selectByIndex(Radio.java:41)
	at com.mercury.demo.utils.Elements.Radio.selectByIndex(Radio.java:41)
	at com.mercury.demo.utils.Elements.Radio.selectByIndex(Radio.java:41)
	at com.mercury.demo.utils.Elements.Radio.selectByIndex(Radio.java:41)
	at com.mercury.demo.utils.Elements.Radio.selectByIndex(Radio.java:41)
	at com.mercury.demo.utils.Elements.Radio.selectByIndex(Radio.java:41)
	at com.mercury.demo.utils.Elements.Radio.selectByIndex(Radio.java:41)
	at com.mercury.demo.utils.Elements.Radio.selectByIndex(Radio.java:41)
	at com.mercury.demo.utils.Elements.Radio.selectByIndex(Radio.java:41)
	at com.mercury.demo.utils.Elements.Radio.selectByIndex(Radio.java:41)
	at com.mercury.demo.utils.Elements.Radio.selectByIndex(Radio.java:41)
	at com.mercury.demo.utils.Elements.Radio.selectByIndex(Radio.java:41)
	at com.mercury.demo.utils.Elements.Radio.selectByIndex(Radio.java:41)
	at com.mercury.demo.utils.Elements.Radio.selectByIndex(Radio.java:41)
	at com.mercury.demo.utils.Elements.Radio.selectByIndex(Radio.java:41)
	at com.mercury.demo.utils.Elements.Radio.selectByIndex(Radio.java:41)
	at com.mercury.demo.utils.Elements.Radio.selectByIndex(Radio.java:41)
	at com.mercury.demo.utils.Elements.Radio.selectByIndex(Radio.java:41)
	at com.mercury.demo.utils.Elements.Radio.selectByIndex(Radio.java:41)
	at com.mercury.demo.utils.Elements.Radio.selectByIndex(Radio.java:41)
	at com.mercury.demo.utils.Elements.Radio.selectByIndex(Radio.java:41)
	at com.mercury.demo.utils.Elements.Radio.selectByIndex(Radio.java:41)
	at com.mercury.demo.utils.Elements.Radio.selectByIndex(Radio.java:41)
	at com.mercury.demo.utils.Elements.Radio.selectByIndex(Radio.java:41)
	at com.mercury.demo.utils.Elements.Radio.selectByIndex(Radio.java:41)
	at com.mercury.demo.utils.Elements.Radio.selectByIndex(Radio.java:41)
	at com.mercury.demo.utils.Elements.Radio.selectByIndex(Radio.java:41)
	at com.mercury.demo.utils.Elements.Radio.selectByIndex(Radio.java:41)
	at com.mercury.demo.utils.Elements.Radio.selectByIndex(Radio.java:41)
	at com.mercury.demo.utils.Elements.Radio.selectByIndex(Radio.java:41)
	at com.mercury.demo.utils.Elements.Radio.selectByIndex(Radio.java:41)
	at com.mercury.demo.utils.Elements.Radio.selectByIndex(Radio.java:41)
	at com.mercury.demo.utils.Elements.Radio.selectByIndex(Radio.java:41)
	at com.mercury.demo.utils.Elements.Radio.selectByIndex(Radio.java:41)
	at com.mercury.demo.utils.Elements.Radio.selectByIndex(Radio.java:41)
	at com.mercury.demo.utils.Elements.Radio.selectByIndex(Radio.java:41)
	at com.mercury.demo.utils.Elements.Radio.selectByIndex(Radio.java:41)
	at com.mercury.demo.utils.Elements.Radio.selectByIndex(Radio.java:41)
	at com.mercury.demo.utils.Elements.Radio.selectByIndex(Radio.java:41)
	at com.mercury.demo.utils.Elements.Radio.selectByIndex(Radio.java:41)
	at com.mercury.demo.utils.Elements.Radio.selectByIndex(Radio.java:41)
	at com.mercury.demo.utils.Elements.Radio.selectByIndex(Radio.java:41)
	at com.mercury.demo.utils.Elements.Radio.selectByIndex(Radio.java:41)
	at com.mercury.demo.utils.Elements.Radio.selectByIndex(Radio.java:41)
	at com.mercury.demo.utils.Elements.Radio.selectByIndex(Radio.java:41)
	at com.mercury.demo.utils.Elements.Radio.selectByIndex(Radio.java:41)
	at com.mercury.demo.utils.Elements.Radio.selectByIndex(Radio.java:41)
	at com.mercury.demo.utils.Elements.Radio.selectByIndex(Radio.java:41)
	at com.mercury.demo.utils.Elements.Radio.selectByIndex(Radio.java:41)
	at com.mercury.demo.utils.Elements.Radio.selectByIndex(Radio.java:41)
	at com.mercury.demo.utils.Elements.Radio.selectByIndex(Radio.java:41)
	at com.mercury.demo.utils.Elements.Radio.selectByIndex(Radio.java:41)
	at com.mercury.demo.utils.Elements.Radio.selectByIndex(Radio.java:41)
	at com.mercury.demo.utils.Elements.Radio.selectByIndex(Radio.java:41)
	at com.mercury.demo.utils.Elements.Radio.selectByIndex(Radio.java:41)
	at com.mercury.demo.utils.Elements.Radio.selectByIndex(Radio.java:41)
	at com.mercury.demo.utils.Elements.Radio.selectByIndex(Radio.java:41)
	at com.mercury.demo.utils.Elements.Radio.selectByIndex(Radio.java:41)
	at com.mercury.demo.utils.Elements.Radio.selectByIndex(Radio.java:41)
	at com.mercury.demo.utils.Elements.Radio.selectByIndex(Radio.java:41)
	at com.mercury.demo.utils.Elements.Radio.selectByIndex(Radio.java:41)
	at com.mercury.demo.utils.Elements.Radio.selectByIndex(Radio.java:41)
	at com.mercury.demo.utils.Elements.Radio.selectByIndex(Radio.java:41)
	at com.mercury.demo.utils.Elements.Radio.selectByIndex(Radio.java:41)
	at com.mercury.demo.utils.Elements.Radio.selectByIndex(Radio.java:41)
	at com.mercury.demo.utils.Elements.Radio.selectByIndex(Radio.java:41)
	at com.mercury.demo.utils.Elements.Radio.selectByIndex(Radio.java:41)
	at com.mercury.demo.utils.Elements.Radio.selectByIndex(Radio.java:41)
	at com.mercury.demo.utils.Elements.Radio.selectByIndex(Radio.java:41)
	at com.mercury.demo.utils.Elements.Radio.selectByIndex(Radio.java:41)
	at com.mercury.demo.utils.Elements.Radio.selectByIndex(Radio.java:41)
	at com.mercury.demo.utils.Elements.Radio.selectByIndex(Radio.java:41)
	at com.mercury.demo.utils.Elements.Radio.selectByIndex(Radio.java:41)
	at com.mercury.demo.utils.Elements.Radio.selectByIndex(Radio.java:41)
	at com.mercury.demo.utils.Elements.Radio.selectByIndex(Radio.java:41)
	at com.mercury.demo.utils.Elements.Radio.selectByIndex(Radio.java:41)
	at com.mercury.demo.utils.Elements.Radio.selectByIndex(Radio.java:41)
	at com.mercury.demo.utils.Elements.Radio.selectByIndex(Radio.java:41)
	at com.mercury.demo.utils.Elements.Radio.selectByIndex(Radio.java:41)
	at com.mercury.demo.utils.Elements.Radio.selectByIndex(Radio.java:41)
	at com.mercury.demo.utils.Elements.Radio.selectByIndex(Radio.java:41)
	at com.mercury.demo.utils.Elements.Radio.selectByIndex(Radio.java:41)
	at com.mercury.demo.utils.Elements.Radio.selectByIndex(Radio.java:41)
	at com.mercury.demo.utils.Elements.Radio.selectByIndex(Radio.java:41)
	at com.mercury.demo.utils.Elements.Radio.selectByIndex(Radio.java:41)
	at com.mercury.demo.utils.Elements.Radio.selectByIndex(Radio.java:41)
	at com.mercury.demo.utils.Elements.Radio.selectByIndex(Radio.java:41)
	at com.mercury.demo.utils.Elements.Radio.selectByIndex(Radio.java:41)
	at com.mercury.demo.utils.Elements.Radio.selectByIndex(Radio.java:41)
	at com.mercury.demo.utils.Elements.Radio.selectByIndex(Radio.java:41)
	at com.mercury.demo.utils.Elements.Radio.selectByIndex(Radio.java:41)
	at com.mercury.demo.utils.Elements.Radio.selectByIndex(Radio.java:41)
	at com.mercury.demo.utils.Elements.Radio.selectByIndex(Radio.java:41)
	at com.mercury.demo.utils.Elements.Radio.selectByIndex(Radio.java:41)
	at com.mercury.demo.utils.Elements.Radio.selectByIndex(Radio.java:41)
	at com.mercury.demo.utils.Elements.Radio.selectByIndex(Radio.java:41)
	at com.mercury.demo.utils.Elements.Radio.selectByIndex(Radio.java:41)
	at com.mercury.demo.utils.Elements.Radio.selectByIndex(Radio.java:41)
	at com.mercury.demo.utils.Elements.Radio.selectByIndex(Radio.java:41)
	at com.mercury.demo.utils.Elements.Radio.selectByIndex(Radio.java:41)
	at com.mercury.demo.utils.Elements.Radio.selectByIndex(Radio.java:41)
	at com.mercury.demo.utils.Elements.Radio.selectByIndex(Radio.java:41)
	at com.mercury.demo.utils.Elements.Radio.selectByIndex(Radio.java:41)
	at com.mercury.demo.utils.Elements.Radio.selectByIndex(Radio.java:41)
	at com.mercury.demo.utils.Elements.Radio.selectByIndex(Radio.java:41)
	at com.mercury.demo.utils.Elements.Radio.selectByIndex(Radio.java:41)
	at com.mercury.demo.utils.Elements.Radio.selectByIndex(Radio.java:41)
	at com.mercury.demo.utils.Elements.Radio.selectByIndex(Radio.java:41)
	at com.mercury.demo.utils.Elements.Radio.selectByIndex(Radio.java:41)
	at com.mercury.demo.utils.Elements.Radio.selectByIndex(Radio.java:41)
	at com.mercury.demo.utils.Elements.Radio.selectByIndex(Radio.java:41)
	at com.mercury.demo.utils.Elements.Radio.selectByIndex(Radio.java:41)
	at com.mercury.demo.utils.Elements.Radio.selectByIndex(Radio.java:41)
	at com.mercury.demo.utils.Elements.Radio.selectByIndex(Radio.java:41)
	at com.mercury.demo.utils.Elements.Radio.selectByIndex(Radio.java:41)
	at com.mercury.demo.utils.Elements.Radio.selectByIndex(Radio.java:41)
	at com.mercury.demo.utils.Elements.Radio.selectByIndex(Radio.java:41)
	at com.mercury.demo.utils.Elements.Radio.selectByIndex(Radio.java:41)
	at com.mercury.demo.utils.Elements.Radio.selectByIndex(Radio.java:41)
	at com.mercury.demo.utils.Elements.Radio.selectByIndex(Radio.java:41)
	at com.mercury.demo.utils.Elements.Radio.selectByIndex(Radio.java:41)
	at com.mercury.demo.utils.Elements.Radio.selectByIndex(Radio.java:41)
	at com.mercury.demo.utils.Elements.Radio.selectByIndex(Radio.java:41)
	at com.mercury.demo.utils.Elements.Radio.selectByIndex(Radio.java:41)
	at com.mercury.demo.utils.Elements.Radio.selectByIndex(Radio.java:41)
	at com.mercury.demo.utils.Elements.Radio.selectByIndex(Radio.java:41)
	at com.mercury.demo.utils.Elements.Radio.selectByIndex(Radio.java:41)
	at com.mercury.demo.utils.Elements.Radio.selectByIndex(Radio.java:41)
	at com.mercury.demo.utils.Elements.Radio.selectByIndex(Radio.java:41)
	at com.mercury.demo.utils.Elements.Radio.selectByIndex(Radio.java:41)
	at com.mercury.demo.utils.Elements.Radio.selectByIndex(Radio.java:41)
	at com.mercury.demo.utils.Elements.Radio.selectByIndex(Radio.java:41)
	at com.mercury.demo.utils.Elements.Radio.selectByIndex(Radio.java:41)
	at com.mercury.demo.utils.Elements.Radio.selectByIndex(Radio.java:41)
	at com.mercury.demo.utils.Elements.Radio.selectByIndex(Radio.java:41)
	at com.mercury.demo.utils.Elements.Radio.selectByIndex(Radio.java:41)
	at com.mercury.demo.utils.Elements.Radio.selectByIndex(Radio.java:41)
	at com.mercury.demo.utils.Elements.Radio.selectByIndex(Radio.java:41)
	at com.mercury.demo.utils.Elements.Radio.selectByIndex(Radio.java:41)
	at com.mercury.demo.utils.Elements.Radio.selectByIndex(Radio.java:41)
	at com.mercury.demo.utils.Elements.Radio.selectByIndex(Radio.java:41)
	at com.mercury.demo.utils.Elements.Radio.selectByIndex(Radio.java:41)
	at com.mercury.demo.utils.Elements.Radio.selectByIndex(Radio.java:41)
	at com.mercury.demo.utils.Elements.Radio.selectByIndex(Radio.java:41)
	at com.mercury.demo.utils.Elements.Radio.selectByIndex(Radio.java:41)
	at com.mercury.demo.utils.Elements.Radio.selectByIndex(Radio.java:41)
	at com.mercury.demo.utils.Elements.Radio.selectByIndex(Radio.java:41)
	at com.mercury.demo.utils.Elements.Radio.selectByIndex(Radio.java:41)
	at com.mercury.demo.utils.Elements.Radio.selectByIndex(Radio.java:41)
	at com.mercury.demo.utils.Elements.Radio.selectByIndex(Radio.java:41)
	at com.mercury.demo.utils.Elements.Radio.selectByIndex(Radio.java:41)
	at com.mercury.demo.utils.Elements.Radio.selectByIndex(Radio.java:41)
	at com.mercury.demo.utils.Elements.Radio.selectByIndex(Radio.java:41)
	at com.mercury.demo.utils.Elements.Radio.selectByIndex(Radio.java:41)
	at com.mercury.demo.utils.Elements.Radio.selectByIndex(Radio.java:41)
	at com.mercury.demo.utils.Elements.Radio.selectByIndex(Radio.java:41)
	at com.mercury.demo.utils.Elements.Radio.selectByIndex(Radio.java:41)
	at com.mercury.demo.utils.Elements.Radio.selectByIndex(Radio.java:41)
	at com.mercury.demo.utils.Elements.Radio.selectByIndex(Radio.java:41)
	at com.mercury.demo.utils.Elements.Radio.selectByIndex(Radio.java:41)
	at com.mercury.demo.utils.Elements.Radio.selectByIndex(Radio.java:41)
	at com.mercury.demo.utils.Elements.Radio.selectByIndex(Radio.java:41)
	at com.mercury.demo.utils.Elements.Radio.selectByIndex(Radio.java:41)
	at com.mercury.demo.utils.Elements.Radio.selectByIndex(Radio.java:41)
	at com.mercury.demo.utils.Elements.Radio.selectByIndex(Radio.java:41)
	at com.mercury.demo.utils.Elements.Radio.selectByIndex(Radio.java:41)
	at com.mercury.demo.utils.Elements.Radio.selectByIndex(Radio.java:41)
	at com.mercury.demo.utils.Elements.Radio.selectByIndex(Radio.java:41)
	at com.mercury.demo.utils.Elements.Radio.selectByIndex(Radio.java:41)
	at com.mercury.demo.utils.Elements.Radio.selectByIndex(Radio.java:41)
	at com.mercury.demo.utils.Elements.Radio.selectByIndex(Radio.java:41)
	at com.mercury.demo.utils.Elements.Radio.selectByIndex(Radio.java:41)
	at com.mercury.demo.utils.Elements.Radio.selectByIndex(Radio.java:41)
	at com.mercury.demo.utils.Elements.Radio.selectByIndex(Radio.java:41)
	at com.mercury.demo.utils.Elements.Radio.selectByIndex(Radio.java:41)
	at com.mercury.demo.utils.Elements.Radio.selectByIndex(Radio.java:41)
	at com.mercury.demo.utils.Elements.Radio.selectByIndex(Radio.java:41)
	at com.mercury.demo.utils.Elements.Radio.selectByIndex(Radio.java:41)
	at com.mercury.demo.utils.Elements.Radio.selectByIndex(Radio.java:41)
	at com.mercury.demo.utils.Elements.Radio.selectByIndex(Radio.java:41)
	at com.mercury.demo.utils.Elements.Radio.selectByIndex(Radio.java:41)
	at com.mercury.demo.utils.Elements.Radio.selectByIndex(Radio.java:41)
	at com.mercury.demo.utils.Elements.Radio.selectByIndex(Radio.java:41)
	at com.mercury.demo.utils.Elements.Radio.selectByIndex(Radio.java:41)
	at com.mercury.demo.utils.Elements.Radio.selectByIndex(Radio.java:41)
	at com.mercury.demo.utils.Elements.Radio.selectByIndex(Radio.java:41)
	at com.mercury.demo.utils.Elements.Radio.selectByIndex(Radio.java:41)
	at com.mercury.demo.utils.Elements.Radio.selectByIndex(Radio.java:41)
	at com.mercury.demo.utils.Elements.Radio.selectByIndex(Radio.java:41)
	at com.mercury.demo.utils.Elements.Radio.selectByIndex(Radio.java:41)
	at com.mercury.demo.utils.Elements.Radio.selectByIndex(Radio.java:41)
	at com.mercury.demo.utils.Elements.Radio.selectByIndex(Radio.java:41)
	at com.mercury.demo.utils.Elements.Radio.selectByIndex(Radio.java:41)
	at com.mercury.demo.utils.Elements.Radio.selectByIndex(Radio.java:41)
	at com.mercury.demo.utils.Elements.Radio.selectByIndex(Radio.java:41)
	at com.mercury.demo.utils.Elements.Radio.selectByIndex(Radio.java:41)
	at com.mercury.demo.utils.Elements.Radio.selectByIndex(Radio.java:41)
	at com.mercury.demo.utils.Elements.Radio.selectByIndex(Radio.java:41)
	at com.mercury.demo.utils.Elements.Radio.selectByIndex(Radio.java:41)
	at com.mercury.demo.utils.Elements.Radio.selectByIndex(Radio.java:41)
	at com.mercury.demo.utils.Elements.Radio.selectByIndex(Radio.java:41)
	at com.mercury.demo.utils.Elements.Radio.selectByIndex(Radio.java:41)
	at com.mercury.demo.utils.Elements.Radio.selectByIndex(Radio.java:41)
	at com.mercury.demo.utils.Elements.Radio.selectByIndex(Radio.java:41)
	at com.mercury.demo.utils.Elements.Radio.selectByIndex(Radio.java:41)
	at com.mercury.demo.utils.Elements.Radio.selectByIndex(Radio.java:41)
	at com.mercury.demo.utils.Elements.Radio.selectByIndex(Radio.java:41)
	at com.mercury.demo.utils.Elements.Radio.selectByIndex(Radio.java:41)
	at com.mercury.demo.utils.Elements.Radio.selectByIndex(Radio.java:41)
	at com.mercury.demo.utils.Elements.Radio.selectByIndex(Radio.java:41)
	at com.mercury.demo.utils.Elements.Radio.selectByIndex(Radio.java:41)
	at com.mercury.demo.utils.Elements.Radio.selectByIndex(Radio.java:41)
	at com.mercury.demo.utils.Elements.Radio.selectByIndex(Radio.java:41)
	at com.mercury.demo.utils.Elements.Radio.selectByIndex(Radio.java:41)
	at com.mercury.demo.utils.Elements.Radio.selectByIndex(Radio.java:41)
	at com.mercury.demo.utils.Elements.Radio.selectByIndex(Radio.java:41)
	at com.mercury.demo.utils.Elements.Radio.selectByIndex(Radio.java:41)
	at com.mercury.demo.utils.Elements.Radio.selectByIndex(Radio.java:41)
	at com.mercury.demo.utils.Elements.Radio.selectByIndex(Radio.java:41)
	at com.mercury.demo.utils.Elements.Radio.selectByIndex(Radio.java:41)
	at com.mercury.demo.utils.Elements.Radio.selectByIndex(Radio.java:41)
	at com.mercury.demo.utils.Elements.Radio.selectByIndex(Radio.java:41)
	at com.mercury.demo.utils.Elements.Radio.selectByIndex(Radio.java:41)
	at com.mercury.demo.utils.Elements.Radio.selectByIndex(Radio.java:41)
	at com.mercury.demo.utils.Elements.Radio.selectByIndex(Radio.java:41)
	at com.mercury.demo.utils.Elements.Radio.selectByIndex(Radio.java:41)
	at com.mercury.demo.utils.Elements.Radio.selectByIndex(Radio.java:41)
	at com.mercury.demo.utils.Elements.Radio.selectByIndex(Radio.java:41)
	at com.mercury.demo.utils.Elements.Radio.selectByIndex(Radio.java:41)
	at com.mercury.demo.utils.Elements.Radio.selectByIndex(Radio.java:41)
	at com.mercury.demo.utils.Elements.Radio.selectByIndex(Radio.java:41)
	at com.mercury.demo.utils.Elements.Radio.selectByIndex(Radio.java:41)
	at com.mercury.demo.utils.Elements.Radio.selectByIndex(Radio.java:41)
	at com.mercury.demo.utils.Elements.Radio.selectByIndex(Radio.java:41)
	at com.mercury.demo.utils.Elements.Radio.selectByIndex(Radio.java:41)
	at com.mercury.demo.utils.Elements.Radio.selectByIndex(Radio.java:41)
	at com.mercury.demo.utils.Elements.Radio.selectByIndex(Radio.java:41)
	at com.mercury.demo.utils.Elements.Radio.selectByIndex(Radio.java:41)
	at com.mercury.demo.utils.Elements.Radio.selectByIndex(Radio.java:41)
	at com.mercury.demo.utils.Elements.Radio.selectByIndex(Radio.java:41)
	at com.mercury.demo.utils.Elements.Radio.selectByIndex(Radio.java:41)
	at com.mercury.demo.utils.Elements.Radio.selectByIndex(Radio.java:41)
	at com.mercury.demo.utils.Elements.Radio.selectByIndex(Radio.java:41)
	at com.mercury.demo.utils.Elements.Radio.selectByIndex(Radio.java:41)
	at com.mercury.demo.utils.Elements.Radio.selectByIndex(Radio.java:41)
	at com.mercury.demo.utils.Elements.Radio.selectByIndex(Radio.java:41)
	at com.mercury.demo.utils.Elements.Radio.selectByIndex(Radio.java:41)
	at com.mercury.demo.utils.Elements.Radio.selectByIndex(Radio.java:41)
	at com.mercury.demo.utils.Elements.Radio.selectByIndex(Radio.java:41)
	at com.mercury.demo.utils.Elements.Radio.selectByIndex(Radio.java:41)
	at com.mercury.demo.utils.Elements.Radio.selectByIndex(Radio.java:41)
	at com.mercury.demo.utils.Elements.Radio.selectByIndex(Radio.java:41)
	at com.mercury.demo.utils.Elements.Radio.selectByIndex(Radio.java:41)
	at com.mercury.demo.utils.Elements.Radio.selectByIndex(Radio.java:41)
	at com.mercury.demo.utils.Elements.Radio.selectByIndex(Radio.java:41)
	at com.mercury.demo.utils.Elements.Radio.selectByIndex(Radio.java:41)
	at com.mercury.demo.utils.Elements.Radio.selectByIndex(Radio.java:41)
	at com.mercury.demo.utils.Elements.Radio.selectByIndex(Radio.java:41)
	at com.mercury.demo.utils.Elements.Radio.selectByIndex(Radio.java:41)
	at com.mercury.demo.utils.Elements.Radio.selectByIndex(Radio.java:41)
	at com.mercury.demo.utils.Elements.Radio.selectByIndex(Radio.java:41)
	at com.mercury.demo.utils.Elements.Radio.selectByIndex(Radio.java:41)
	at com.mercury.demo.utils.Elements.Radio.selectByIndex(Radio.java:41)
	at com.mercury.demo.utils.Elements.Radio.selectByIndex(Radio.java:41)
	at com.mercury.demo.utils.Elements.Radio.selectByIndex(Radio.java:41)
	at com.mercury.demo.utils.Elements.Radio.selectByIndex(Radio.java:41)
	at com.mercury.demo.utils.Elements.Radio.selectByIndex(Radio.java:41)
	at com.mercury.demo.utils.Elements.Radio.selectByIndex(Radio.java:41)
	at com.mercury.demo.utils.Elements.Radio.selectByIndex(Radio.java:41)
	at com.mercury.demo.utils.Elements.Radio.selectByIndex(Radio.java:41)
	at com.mercury.demo.utils.Elements.Radio.selectByIndex(Radio.java:41)
	at com.mercury.demo.utils.Elements.Radio.selectByIndex(Radio.java:41)
	at com.mercury.demo.utils.Elements.Radio.selectByIndex(Radio.java:41)
	at com.mercury.demo.utils.Elements.Radio.selectByIndex(Radio.java:41)
	at com.mercury.demo.utils.Elements.Radio.selectByIndex(Radio.java:41)
	at com.mercury.demo.utils.Elements.Radio.selectByIndex(Radio.java:41)
	at com.mercury.demo.utils.Elements.Radio.selectByIndex(Radio.java:41)
	at com.mercury.demo.utils.Elements.Radio.selectByIndex(Radio.java:41)
	at com.mercury.demo.utils.Elements.Radio.selectByIndex(Radio.java:41)
	at com.mercury.demo.utils.Elements.Radio.selectByIndex(Radio.java:41)
	at com.mercury.demo.utils.Elements.Radio.selectByIndex(Radio.java:41)
	at com.mercury.demo.utils.Elements.Radio.selectByIndex(Radio.java:41)
	at com.mercury.demo.utils.Elements.Radio.selectByIndex(Radio.java:41)
	at com.mercury.demo.utils.Elements.Radio.selectByIndex(Radio.java:41)
	at com.mercury.demo.utils.Elements.Radio.selectByIndex(Radio.java:41)
	at com.mercury.demo.utils.Elements.Radio.selectByIndex(Radio.java:41)
	at com.mercury.demo.utils.Elements.Radio.selectByIndex(Radio.java:41)
	at com.mercury.demo.utils.Elements.Radio.selectByIndex(Radio.java:41)
	at com.mercury.demo.utils.Elements.Radio.selectByIndex(Radio.java:41)
	at com.mercury.demo.utils.Elements.Radio.selectByIndex(Radio.java:41)
	at com.mercury.demo.utils.Elements.Radio.selectByIndex(Radio.java:41)
	at com.mercury.demo.utils.Elements.Radio.selectByIndex(Radio.java:41)
	at com.mercury.demo.utils.Elements.Radio.selectByIndex(Radio.java:41)
	at com.mercury.demo.utils.Elements.Radio.selectByIndex(Radio.java:41)
	at com.mercury.demo.utils.Elements.Radio.selectByIndex(Radio.java:41)
	at com.mercury.demo.utils.Elements.Radio.selectByIndex(Radio.java:41)
	at com.mercury.demo.utils.Elements.Radio.selectByIndex(Radio.java:41)
	at com.mercury.demo.utils.Elements.Radio.selectByIndex(Radio.java:41)
	at com.mercury.demo.utils.Elements.Radio.selectByIndex(Radio.java:41)
	at com.mercury.demo.utils.Elements.Radio.selectByIndex(Radio.java:41)
	at com.mercury.demo.utils.Elements.Radio.selectByIndex(Radio.java:41)
	at com.mercury.demo.utils.Elements.Radio.selectByIndex(Radio.java:41)
	at com.mercury.demo.utils.Elements.Radio.selectByIndex(Radio.java:41)
	at com.mercury.demo.utils.Elements.Radio.selectByIndex(Radio.java:41)
	at com.mercury.demo.utils.Elements.Radio.selectByIndex(Radio.java:41)
	at com.mercury.demo.utils.Elements.Radio.selectByIndex(Radio.java:41)
	at com.mercury.demo.utils.Elements.Radio.selectByIndex(Radio.java:41)
	at com.mercury.demo.utils.Elements.Radio.selectByIndex(Radio.java:41)
	at com.mercury.demo.utils.Elements.Radio.selectByIndex(Radio.java:41)
	at com.mercury.demo.utils.Elements.Radio.selectByIndex(Radio.java:41)
	at com.mercury.demo.utils.Elements.Radio.selectByIndex(Radio.java:41)
	at com.mercury.demo.utils.Elements.Radio.selectByIndex(Radio.java:41)
	at com.mercury.demo.utils.Elements.Radio.selectByIndex(Radio.java:41)
	at com.mercury.demo.utils.Elements.Radio.selectByIndex(Radio.java:41)
	at com.mercury.demo.utils.Elements.Radio.selectByIndex(Radio.java:41)
	at com.mercury.demo.utils.Elements.Radio.selectByIndex(Radio.java:41)
	at com.mercury.demo.utils.Elements.Radio.selectByIndex(Radio.java:41)
	at com.mercury.demo.utils.Elements.Radio.selectByIndex(Radio.java:41)
	at com.mercury.demo.utils.Elements.Radio.selectByIndex(Radio.java:41)
	at com.mercury.demo.utils.Elements.Radio.selectByIndex(Radio.java:41)
	at com.mercury.demo.utils.Elements.Radio.selectByIndex(Radio.java:41)
	at com.mercury.demo.utils.Elements.Radio.selectByIndex(Radio.java:41)
	at com.mercury.demo.utils.Elements.Radio.selectByIndex(Radio.java:41)
	at com.mercury.demo.utils.Elements.Radio.selectByIndex(Radio.java:41)
	at com.mercury.demo.utils.Elements.Radio.selectByIndex(Radio.java:41)
	at com.mercury.demo.utils.Elements.Radio.selectByIndex(Radio.java:41)
	at com.mercury.demo.utils.Elements.Radio.selectByIndex(Radio.java:41)
	at com.mercury.demo.utils.Elements.Radio.selectByIndex(Radio.java:41)
	at com.mercury.demo.utils.Elements.Radio.selectByIndex(Radio.java:41)
	at com.mercury.demo.utils.Elements.Radio.selectByIndex(Radio.java:41)
	at com.mercury.demo.utils.Elements.Radio.selectByIndex(Radio.java:41)
	at com.mercury.demo.utils.Elements.Radio.selectByIndex(Radio.java:41)
	at com.mercury.demo.utils.Elements.Radio.selectByIndex(Radio.java:41)
]]>
    </error>
  </testcase> <!-- makeABooking -->
</testsuite> <!-- com.mercury.demo.tests.bookingTest.BookingTest -->
