<?xml version="1.0" encoding="UTF-8"?>
<!-- Generated by org.testng.reporters.JUnitReportReporter -->
<testsuite skipped="0" hostname="Ceroshs-MacBook-Pro.local" name="com.mercury.demo.tests.RegistrationTest" tests="2" failures="0" timestamp="18 Jun 2018 10:20:54 GMT" time="12.613" errors="0">
  <testcase name="registerAUserwithHashMap" time="6.915" classname="com.mercury.demo.tests.RegistrationTest"/>
  <testcase name="registerAUser" time="5.698" classname="com.mercury.demo.tests.RegistrationTest"/>
</testsuite> <!-- com.mercury.demo.tests.RegistrationTest -->
